ARM GAS  C:\Users\owri753\AppData\Local\Temp\cc0tt678.s 			page 1


   1              		.syntax unified
   2              		.cpu cortex-m3
   3              		.fpu softvfp
   4              		.eabi_attribute 20, 1
   5              		.eabi_attribute 21, 1
   6              		.eabi_attribute 23, 3
   7              		.eabi_attribute 24, 1
   8              		.eabi_attribute 25, 1
   9              		.eabi_attribute 26, 1
  10              		.eabi_attribute 30, 1
  11              		.eabi_attribute 34, 1
  12              		.eabi_attribute 18, 4
  13              		.thumb
  14              		.syntax unified
  15              		.file	"cymetadata.c"
  16              		.text
  17              	.Ltext0:
  18              		.cfi_sections	.debug_frame
  19              		.global	cy_metadata
  20              		.global	cy_meta_flashprotect
  21              		.global	cy_meta_wonvl
  22              		.global	cy_meta_custnvl
  23              		.global	cy_meta_configecc
  24              		.section	.cyconfigecc,"a",%progbits
  25              		.align	2
  26              		.type	cy_meta_configecc, %object
  27              		.size	cy_meta_configecc, 256
  28              	cy_meta_configecc:
  29 0000 01       		.byte	1
  30 0001 45       		.byte	69
  31 0002 00       		.byte	0
  32 0003 40       		.byte	64
  33 0004 02       		.byte	2
  34 0005 4F       		.byte	79
  35 0006 00       		.byte	0
  36 0007 40       		.byte	64
  37 0008 01       		.byte	1
  38 0009 52       		.byte	82
  39 000a 00       		.byte	0
  40 000b 40       		.byte	64
  41 000c 02       		.byte	2
  42 000d 03       		.byte	3
  43 000e 01       		.byte	1
  44 000f 40       		.byte	64
  45 0010 02       		.byte	2
  46 0011 07       		.byte	7
  47 0012 01       		.byte	1
  48 0013 40       		.byte	64
  49 0014 03       		.byte	3
  50 0015 09       		.byte	9
  51 0016 01       		.byte	1
  52 0017 40       		.byte	64
  53 0018 04       		.byte	4
  54 0019 0A       		.byte	10
  55 001a 01       		.byte	1
  56 001b 40       		.byte	64
  57 001c 01       		.byte	1
ARM GAS  C:\Users\owri753\AppData\Local\Temp\cc0tt678.s 			page 2


  58 001d 0B       		.byte	11
  59 001e 01       		.byte	1
  60 001f 40       		.byte	64
  61 0020 02       		.byte	2
  62 0021 0D       		.byte	13
  63 0022 01       		.byte	1
  64 0023 40       		.byte	64
  65 0024 01       		.byte	1
  66 0025 17       		.byte	23
  67 0026 01       		.byte	1
  68 0027 40       		.byte	64
  69 0028 01       		.byte	1
  70 0029 19       		.byte	25
  71 002a 01       		.byte	1
  72 002b 40       		.byte	64
  73 002c 06       		.byte	6
  74 002d 40       		.byte	64
  75 002e 01       		.byte	1
  76 002f 40       		.byte	64
  77 0030 08       		.byte	8
  78 0031 41       		.byte	65
  79 0032 01       		.byte	1
  80 0033 40       		.byte	64
  81 0034 06       		.byte	6
  82 0035 42       		.byte	66
  83 0036 01       		.byte	1
  84 0037 40       		.byte	64
  85 0038 05       		.byte	5
  86 0039 43       		.byte	67
  87 003a 01       		.byte	1
  88 003b 40       		.byte	64
  89 003c 01       		.byte	1
  90 003d 45       		.byte	69
  91 003e 01       		.byte	1
  92 003f 40       		.byte	64
  93 0040 05       		.byte	5
  94 0041 46       		.byte	70
  95 0042 01       		.byte	1
  96 0043 40       		.byte	64
  97 0044 0D       		.byte	13
  98 0045 47       		.byte	71
  99 0046 01       		.byte	1
 100 0047 40       		.byte	64
 101 0048 02       		.byte	2
 102 0049 48       		.byte	72
 103 004a 01       		.byte	1
 104 004b 40       		.byte	64
 105 004c 01       		.byte	1
 106 004d 4C       		.byte	76
 107 004e 01       		.byte	1
 108 004f 40       		.byte	64
 109 0050 02       		.byte	2
 110 0051 51       		.byte	81
 111 0052 01       		.byte	1
 112 0053 40       		.byte	64
 113 0054 7E       		.byte	126
 114 0055 02       		.byte	2
ARM GAS  C:\Users\owri753\AppData\Local\Temp\cc0tt678.s 			page 3


 115 0056 01       		.byte	1
 116 0057 80       		.byte	-128
 117 0058 0A       		.byte	10
 118 0059 4B       		.byte	75
 119 005a 7C       		.byte	124
 120 005b 40       		.byte	64
 121 005c E2       		.byte	-30
 122 005d 08       		.byte	8
 123 005e E6       		.byte	-26
 124 005f 02       		.byte	2
 125 0060 E8       		.byte	-24
 126 0061 10       		.byte	16
 127 0062 EE       		.byte	-18
 128 0063 0D       		.byte	13
 129 0064 AF       		.byte	-81
 130 0065 20       		.byte	32
 131 0066 E8       		.byte	-24
 132 0067 10       		.byte	16
 133 0068 EE       		.byte	-18
 134 0069 05       		.byte	5
 135 006a B8       		.byte	-72
 136 006b 20       		.byte	32
 137 006c BE       		.byte	-66
 138 006d 10       		.byte	16
 139 006e D8       		.byte	-40
 140 006f 04       		.byte	4
 141 0070 DF       		.byte	-33
 142 0071 01       		.byte	1
 143 0072 1F       		.byte	31
 144 0073 20       		.byte	32
 145 0074 E2       		.byte	-30
 146 0075 08       		.byte	8
 147 0076 E6       		.byte	-26
 148 0077 02       		.byte	2
 149 0078 EA       		.byte	-22
 150 0079 02       		.byte	2
 151 007a EA       		.byte	-22
 152 007b 02       		.byte	2
 153 007c 33       		.byte	51
 154 007d 21       		.byte	33
 155 007e 34       		.byte	52
 156 007f 02       		.byte	2
 157 0080 37       		.byte	55
 158 0081 40       		.byte	64
 159 0082 3B       		.byte	59
 160 0083 10       		.byte	16
 161 0084 CC       		.byte	-52
 162 0085 F0       		.byte	-16
 163 0086 CE       		.byte	-50
 164 0087 10       		.byte	16
 165 0088 84       		.byte	-124
 166 0089 02       		.byte	2
 167 008a 87       		.byte	-121
 168 008b 10       		.byte	16
 169 008c 97       		.byte	-105
 170 008d 10       		.byte	16
 171 008e 9C       		.byte	-100
ARM GAS  C:\Users\owri753\AppData\Local\Temp\cc0tt678.s 			page 4


 172 008f 02       		.byte	2
 173 0090 9F       		.byte	-97
 174 0091 41       		.byte	65
 175 0092 A7       		.byte	-89
 176 0093 20       		.byte	32
 177 0094 E2       		.byte	-30
 178 0095 10       		.byte	16
 179 0096 E6       		.byte	-26
 180 0097 40       		.byte	64
 181 0098 11       		.byte	17
 182 0099 02       		.byte	2
 183 009a 63       		.byte	99
 184 009b 02       		.byte	2
 185 009c 9F       		.byte	-97
 186 009d 41       		.byte	65
 187 009e A7       		.byte	-89
 188 009f 20       		.byte	32
 189 00a0 C4       		.byte	-60
 190 00a1 10       		.byte	16
 191 00a2 D6       		.byte	-42
 192 00a3 40       		.byte	64
 193 00a4 9F       		.byte	-97
 194 00a5 01       		.byte	1
 195 00a6 AB       		.byte	-85
 196 00a7 60       		.byte	96
 197 00a8 AF       		.byte	-81
 198 00a9 01       		.byte	1
 199 00aa B5       		.byte	-75
 200 00ab 01       		.byte	1
 201 00ac EE       		.byte	-18
 202 00ad B0       		.byte	-80
 203 00ae 86       		.byte	-122
 204 00af 41       		.byte	65
 205 00b0 1A       		.byte	26
 206 00b1 80       		.byte	-128
 207 00b2 1B       		.byte	27
 208 00b3 04       		.byte	4
 209 00b4 96       		.byte	-106
 210 00b5 01       		.byte	1
 211 00b6 A6       		.byte	-90
 212 00b7 40       		.byte	64
 213 00b8 C6       		.byte	-58
 214 00b9 08       		.byte	8
 215 00ba 09       		.byte	9
 216 00bb 08       		.byte	8
 217 00bc 0A       		.byte	10
 218 00bd 01       		.byte	1
 219 00be 0E       		.byte	14
 220 00bf 80       		.byte	-128
 221 00c0 40       		.byte	64
 222 00c1 10       		.byte	16
 223 00c2 90       		.byte	-112
 224 00c3 10       		.byte	16
 225 00c4 96       		.byte	-106
 226 00c5 01       		.byte	1
 227 00c6 A6       		.byte	-90
 228 00c7 40       		.byte	64
ARM GAS  C:\Users\owri753\AppData\Local\Temp\cc0tt678.s 			page 5


 229 00c8 AA       		.byte	-86
 230 00c9 40       		.byte	64
 231 00ca AB       		.byte	-85
 232 00cb 04       		.byte	4
 233 00cc B4       		.byte	-76
 234 00cd 10       		.byte	16
 235 00ce C2       		.byte	-62
 236 00cf 0E       		.byte	14
 237 00d0 D0       		.byte	-48
 238 00d1 02       		.byte	2
 239 00d2 E8       		.byte	-24
 240 00d3 08       		.byte	8
 241 00d4 AF       		.byte	-81
 242 00d5 01       		.byte	1
 243 00d6 EA       		.byte	-22
 244 00d7 40       		.byte	64
 245 00d8 AD       		.byte	-83
 246 00d9 08       		.byte	8
 247 00da 00       		.byte	0
 248 00db AF       		.byte	-81
 249 00dc 01       		.byte	1
 250 00dd 02       		.byte	2
 251 00de 00       		.byte	0
 252 00df 00       		.byte	0
 253 00e0 00       		.byte	0
 254 00e1 00       		.byte	0
 255 00e2 00       		.byte	0
 256 00e3 00       		.byte	0
 257 00e4 00       		.byte	0
 258 00e5 00       		.byte	0
 259 00e6 10       		.byte	16
 260 00e7 00       		.byte	0
 261 00e8 40       		.byte	64
 262 00e9 00       		.byte	0
 263 00ea 00       		.byte	0
 264 00eb 00       		.byte	0
 265 00ec 00       		.byte	0
 266 00ed 00       		.byte	0
 267 00ee 00       		.byte	0
 268 00ef 00       		.byte	0
 269 00f0 C0       		.byte	-64
 270 00f1 00       		.byte	0
 271 00f2 00       		.byte	0
 272 00f3 00       		.byte	0
 273 00f4 00       		.byte	0
 274 00f5 0B       		.byte	11
 275 00f6 0B       		.byte	11
 276 00f7 00       		.byte	0
 277 00f8 00       		.byte	0
 278 00f9 00       		.byte	0
 279 00fa C0       		.byte	-64
 280 00fb 00       		.byte	0
 281 00fc 04       		.byte	4
 282 00fd 00       		.byte	0
 283 00fe 18       		.byte	24
 284 00ff 01       		.byte	1
 285              		.section	.cywolatch,"a",%progbits
ARM GAS  C:\Users\owri753\AppData\Local\Temp\cc0tt678.s 			page 6


 286              		.align	2
 287              		.type	cy_meta_wonvl, %object
 288              		.size	cy_meta_wonvl, 4
 289              	cy_meta_wonvl:
 290 0000 BC       		.byte	-68
 291 0001 90       		.byte	-112
 292 0002 AC       		.byte	-84
 293 0003 AF       		.byte	-81
 294              		.section	.cycustnvl,"a",%progbits
 295              		.align	2
 296              		.type	cy_meta_custnvl, %object
 297              		.size	cy_meta_custnvl, 4
 298              	cy_meta_custnvl:
 299 0000 00       		.byte	0
 300 0001 00       		.byte	0
 301 0002 40       		.byte	64
 302 0003 05       		.byte	5
 303              		.section	.cymeta,"a",%progbits
 304              		.align	2
 305              		.type	cy_metadata, %object
 306              		.size	cy_metadata, 12
 307              	cy_metadata:
 308 0000 00       		.byte	0
 309 0001 01       		.byte	1
 310 0002 2E       		.byte	46
 311 0003 16       		.byte	22
 312 0004 10       		.byte	16
 313 0005 69       		.byte	105
 314 0006 00       		.byte	0
 315 0007 01       		.byte	1
 316 0008 00       		.byte	0
 317 0009 00       		.byte	0
 318 000a 00       		.byte	0
 319 000b 00       		.byte	0
 320              		.section	.cyflashprotect,"a",%progbits
 321              		.align	2
 322              		.type	cy_meta_flashprotect, %object
 323              		.size	cy_meta_flashprotect, 256
 324              	cy_meta_flashprotect:
 325 0000 00000000 		.space	256
 325      00000000 
 325      00000000 
 325      00000000 
 325      00000000 
 326              		.text
 327              	.Letext0:
 328              		.file 1 "c:\\program files (x86)\\cypress\\psoc creator\\4.2\\psoc creator\\import\\gnu\\arm\\5.4.
 329              		.file 2 "c:\\program files (x86)\\cypress\\psoc creator\\4.2\\psoc creator\\import\\gnu\\arm\\5.4.
 330              		.file 3 "Generated_Source\\PSoC5\\cymetadata.c"
 331              		.section	.debug_info,"",%progbits
 332              	.Ldebug_info0:
 333 0000 20010000 		.4byte	0x120
 334 0004 0400     		.2byte	0x4
 335 0006 00000000 		.4byte	.Ldebug_abbrev0
 336 000a 04       		.byte	0x4
 337 000b 01       		.uleb128 0x1
 338 000c 24000000 		.4byte	.LASF17
ARM GAS  C:\Users\owri753\AppData\Local\Temp\cc0tt678.s 			page 7


 339 0010 0C       		.byte	0xc
 340 0011 BB010000 		.4byte	.LASF18
 341 0015 B2000000 		.4byte	.LASF19
 342 0019 00000000 		.4byte	.Ldebug_line0
 343 001d 02       		.uleb128 0x2
 344 001e 01       		.byte	0x1
 345 001f 06       		.byte	0x6
 346 0020 AF010000 		.4byte	.LASF0
 347 0024 03       		.uleb128 0x3
 348 0025 00000000 		.4byte	.LASF9
 349 0029 01       		.byte	0x1
 350 002a 1D       		.byte	0x1d
 351 002b 2F000000 		.4byte	0x2f
 352 002f 02       		.uleb128 0x2
 353 0030 01       		.byte	0x1
 354 0031 08       		.byte	0x8
 355 0032 16000000 		.4byte	.LASF1
 356 0036 02       		.uleb128 0x2
 357 0037 02       		.byte	0x2
 358 0038 05       		.byte	0x5
 359 0039 9C010000 		.4byte	.LASF2
 360 003d 02       		.uleb128 0x2
 361 003e 02       		.byte	0x2
 362 003f 07       		.byte	0x7
 363 0040 EF000000 		.4byte	.LASF3
 364 0044 02       		.uleb128 0x2
 365 0045 04       		.byte	0x4
 366 0046 05       		.byte	0x5
 367 0047 A6010000 		.4byte	.LASF4
 368 004b 02       		.uleb128 0x2
 369 004c 04       		.byte	0x4
 370 004d 07       		.byte	0x7
 371 004e 02010000 		.4byte	.LASF5
 372 0052 02       		.uleb128 0x2
 373 0053 08       		.byte	0x8
 374 0054 05       		.byte	0x5
 375 0055 8E010000 		.4byte	.LASF6
 376 0059 02       		.uleb128 0x2
 377 005a 08       		.byte	0x8
 378 005b 07       		.byte	0x7
 379 005c 43010000 		.4byte	.LASF7
 380 0060 04       		.uleb128 0x4
 381 0061 04       		.byte	0x4
 382 0062 05       		.byte	0x5
 383 0063 696E7400 		.ascii	"int\000"
 384 0067 02       		.uleb128 0x2
 385 0068 04       		.byte	0x4
 386 0069 07       		.byte	0x7
 387 006a 36010000 		.4byte	.LASF8
 388 006e 03       		.uleb128 0x3
 389 006f 5A010000 		.4byte	.LASF10
 390 0073 02       		.byte	0x2
 391 0074 18       		.byte	0x18
 392 0075 24000000 		.4byte	0x24
 393 0079 05       		.uleb128 0x5
 394 007a 90000000 		.4byte	0x90
 395 007e 89000000 		.4byte	0x89
ARM GAS  C:\Users\owri753\AppData\Local\Temp\cc0tt678.s 			page 8


 396 0082 06       		.uleb128 0x6
 397 0083 89000000 		.4byte	0x89
 398 0087 FF       		.byte	0xff
 399 0088 00       		.byte	0
 400 0089 02       		.uleb128 0x2
 401 008a 04       		.byte	0x4
 402 008b 07       		.byte	0x7
 403 008c 85010000 		.4byte	.LASF11
 404 0090 07       		.uleb128 0x7
 405 0091 6E000000 		.4byte	0x6e
 406 0095 08       		.uleb128 0x8
 407 0096 24010000 		.4byte	.LASF12
 408 009a 03       		.byte	0x3
 409 009b 1F       		.byte	0x1f
 410 009c A6000000 		.4byte	0xa6
 411 00a0 05       		.uleb128 0x5
 412 00a1 03       		.byte	0x3
 413 00a2 00000000 		.4byte	cy_meta_configecc
 414 00a6 07       		.uleb128 0x7
 415 00a7 79000000 		.4byte	0x79
 416 00ab 05       		.uleb128 0x5
 417 00ac 90000000 		.4byte	0x90
 418 00b0 BB000000 		.4byte	0xbb
 419 00b4 06       		.uleb128 0x6
 420 00b5 89000000 		.4byte	0x89
 421 00b9 03       		.byte	0x3
 422 00ba 00       		.byte	0
 423 00bb 08       		.uleb128 0x8
 424 00bc 14010000 		.4byte	.LASF13
 425 00c0 03       		.byte	0x3
 426 00c1 4C       		.byte	0x4c
 427 00c2 CC000000 		.4byte	0xcc
 428 00c6 05       		.uleb128 0x5
 429 00c7 03       		.byte	0x3
 430 00c8 00000000 		.4byte	cy_meta_custnvl
 431 00cc 07       		.uleb128 0x7
 432 00cd AB000000 		.4byte	0xab
 433 00d1 08       		.uleb128 0x8
 434 00d2 77010000 		.4byte	.LASF14
 435 00d6 03       		.byte	0x3
 436 00d7 5A       		.byte	0x5a
 437 00d8 E2000000 		.4byte	0xe2
 438 00dc 05       		.uleb128 0x5
 439 00dd 03       		.byte	0x3
 440 00de 00000000 		.4byte	cy_meta_wonvl
 441 00e2 07       		.uleb128 0x7
 442 00e3 AB000000 		.4byte	0xab
 443 00e7 08       		.uleb128 0x8
 444 00e8 62010000 		.4byte	.LASF15
 445 00ec 03       		.byte	0x3
 446 00ed 68       		.byte	0x68
 447 00ee F8000000 		.4byte	0xf8
 448 00f2 05       		.uleb128 0x5
 449 00f3 03       		.byte	0x3
 450 00f4 00000000 		.4byte	cy_meta_flashprotect
 451 00f8 07       		.uleb128 0x7
 452 00f9 79000000 		.4byte	0x79
ARM GAS  C:\Users\owri753\AppData\Local\Temp\cc0tt678.s 			page 9


 453 00fd 05       		.uleb128 0x5
 454 00fe 90000000 		.4byte	0x90
 455 0102 0D010000 		.4byte	0x10d
 456 0106 06       		.uleb128 0x6
 457 0107 89000000 		.4byte	0x89
 458 010b 0B       		.byte	0xb
 459 010c 00       		.byte	0
 460 010d 08       		.uleb128 0x8
 461 010e 0A000000 		.4byte	.LASF16
 462 0112 03       		.byte	0x3
 463 0113 95       		.byte	0x95
 464 0114 1E010000 		.4byte	0x11e
 465 0118 05       		.uleb128 0x5
 466 0119 03       		.byte	0x3
 467 011a 00000000 		.4byte	cy_metadata
 468 011e 07       		.uleb128 0x7
 469 011f FD000000 		.4byte	0xfd
 470 0123 00       		.byte	0
 471              		.section	.debug_abbrev,"",%progbits
 472              	.Ldebug_abbrev0:
 473 0000 01       		.uleb128 0x1
 474 0001 11       		.uleb128 0x11
 475 0002 01       		.byte	0x1
 476 0003 25       		.uleb128 0x25
 477 0004 0E       		.uleb128 0xe
 478 0005 13       		.uleb128 0x13
 479 0006 0B       		.uleb128 0xb
 480 0007 03       		.uleb128 0x3
 481 0008 0E       		.uleb128 0xe
 482 0009 1B       		.uleb128 0x1b
 483 000a 0E       		.uleb128 0xe
 484 000b 10       		.uleb128 0x10
 485 000c 17       		.uleb128 0x17
 486 000d 00       		.byte	0
 487 000e 00       		.byte	0
 488 000f 02       		.uleb128 0x2
 489 0010 24       		.uleb128 0x24
 490 0011 00       		.byte	0
 491 0012 0B       		.uleb128 0xb
 492 0013 0B       		.uleb128 0xb
 493 0014 3E       		.uleb128 0x3e
 494 0015 0B       		.uleb128 0xb
 495 0016 03       		.uleb128 0x3
 496 0017 0E       		.uleb128 0xe
 497 0018 00       		.byte	0
 498 0019 00       		.byte	0
 499 001a 03       		.uleb128 0x3
 500 001b 16       		.uleb128 0x16
 501 001c 00       		.byte	0
 502 001d 03       		.uleb128 0x3
 503 001e 0E       		.uleb128 0xe
 504 001f 3A       		.uleb128 0x3a
 505 0020 0B       		.uleb128 0xb
 506 0021 3B       		.uleb128 0x3b
 507 0022 0B       		.uleb128 0xb
 508 0023 49       		.uleb128 0x49
 509 0024 13       		.uleb128 0x13
ARM GAS  C:\Users\owri753\AppData\Local\Temp\cc0tt678.s 			page 10


 510 0025 00       		.byte	0
 511 0026 00       		.byte	0
 512 0027 04       		.uleb128 0x4
 513 0028 24       		.uleb128 0x24
 514 0029 00       		.byte	0
 515 002a 0B       		.uleb128 0xb
 516 002b 0B       		.uleb128 0xb
 517 002c 3E       		.uleb128 0x3e
 518 002d 0B       		.uleb128 0xb
 519 002e 03       		.uleb128 0x3
 520 002f 08       		.uleb128 0x8
 521 0030 00       		.byte	0
 522 0031 00       		.byte	0
 523 0032 05       		.uleb128 0x5
 524 0033 01       		.uleb128 0x1
 525 0034 01       		.byte	0x1
 526 0035 49       		.uleb128 0x49
 527 0036 13       		.uleb128 0x13
 528 0037 01       		.uleb128 0x1
 529 0038 13       		.uleb128 0x13
 530 0039 00       		.byte	0
 531 003a 00       		.byte	0
 532 003b 06       		.uleb128 0x6
 533 003c 21       		.uleb128 0x21
 534 003d 00       		.byte	0
 535 003e 49       		.uleb128 0x49
 536 003f 13       		.uleb128 0x13
 537 0040 2F       		.uleb128 0x2f
 538 0041 0B       		.uleb128 0xb
 539 0042 00       		.byte	0
 540 0043 00       		.byte	0
 541 0044 07       		.uleb128 0x7
 542 0045 26       		.uleb128 0x26
 543 0046 00       		.byte	0
 544 0047 49       		.uleb128 0x49
 545 0048 13       		.uleb128 0x13
 546 0049 00       		.byte	0
 547 004a 00       		.byte	0
 548 004b 08       		.uleb128 0x8
 549 004c 34       		.uleb128 0x34
 550 004d 00       		.byte	0
 551 004e 03       		.uleb128 0x3
 552 004f 0E       		.uleb128 0xe
 553 0050 3A       		.uleb128 0x3a
 554 0051 0B       		.uleb128 0xb
 555 0052 3B       		.uleb128 0x3b
 556 0053 0B       		.uleb128 0xb
 557 0054 49       		.uleb128 0x49
 558 0055 13       		.uleb128 0x13
 559 0056 3F       		.uleb128 0x3f
 560 0057 19       		.uleb128 0x19
 561 0058 02       		.uleb128 0x2
 562 0059 18       		.uleb128 0x18
 563 005a 00       		.byte	0
 564 005b 00       		.byte	0
 565 005c 00       		.byte	0
 566              		.section	.debug_aranges,"",%progbits
ARM GAS  C:\Users\owri753\AppData\Local\Temp\cc0tt678.s 			page 11


 567 0000 14000000 		.4byte	0x14
 568 0004 0200     		.2byte	0x2
 569 0006 00000000 		.4byte	.Ldebug_info0
 570 000a 04       		.byte	0x4
 571 000b 00       		.byte	0
 572 000c 0000     		.2byte	0
 573 000e 0000     		.2byte	0
 574 0010 00000000 		.4byte	0
 575 0014 00000000 		.4byte	0
 576              		.section	.debug_line,"",%progbits
 577              	.Ldebug_line0:
 578 0000 3D010000 		.section	.debug_str,"MS",%progbits,1
 578      02003701 
 578      00000201 
 578      FB0E0D00 
 578      01010101 
 579              	.LASF9:
 580 0000 5F5F7569 		.ascii	"__uint8_t\000"
 580      6E74385F 
 580      7400
 581              	.LASF16:
 582 000a 63795F6D 		.ascii	"cy_metadata\000"
 582      65746164 
 582      61746100 
 583              	.LASF1:
 584 0016 756E7369 		.ascii	"unsigned char\000"
 584      676E6564 
 584      20636861 
 584      7200
 585              	.LASF17:
 586 0024 474E5520 		.ascii	"GNU C11 5.4.1 20160609 (release) [ARM/embedded-5-br"
 586      43313120 
 586      352E342E 
 586      31203230 
 586      31363036 
 587 0057 616E6368 		.ascii	"anch revision 237715] -mcpu=cortex-m3 -mthumb -g -O"
 587      20726576 
 587      6973696F 
 587      6E203233 
 587      37373135 
 588 008a 67202D66 		.ascii	"g -ffunction-sections -ffat-lto-objects\000"
 588      66756E63 
 588      74696F6E 
 588      2D736563 
 588      74696F6E 
 589              	.LASF19:
 590 00b2 483A5C44 		.ascii	"H:\\Documents\\301_Project\\Hardware Task 1\\Hardwa"
 590      6F63756D 
 590      656E7473 
 590      5C333031 
 590      5F50726F 
 591 00e1 72655461 		.ascii	"reTask1.cydsn\000"
 591      736B312E 
 591      63796473 
 591      6E00
 592              	.LASF3:
 593 00ef 73686F72 		.ascii	"short unsigned int\000"
ARM GAS  C:\Users\owri753\AppData\Local\Temp\cc0tt678.s 			page 12


 593      7420756E 
 593      7369676E 
 593      65642069 
 593      6E7400
 594              	.LASF5:
 595 0102 6C6F6E67 		.ascii	"long unsigned int\000"
 595      20756E73 
 595      69676E65 
 595      6420696E 
 595      7400
 596              	.LASF13:
 597 0114 63795F6D 		.ascii	"cy_meta_custnvl\000"
 597      6574615F 
 597      63757374 
 597      6E766C00 
 598              	.LASF12:
 599 0124 63795F6D 		.ascii	"cy_meta_configecc\000"
 599      6574615F 
 599      636F6E66 
 599      69676563 
 599      6300
 600              	.LASF8:
 601 0136 756E7369 		.ascii	"unsigned int\000"
 601      676E6564 
 601      20696E74 
 601      00
 602              	.LASF7:
 603 0143 6C6F6E67 		.ascii	"long long unsigned int\000"
 603      206C6F6E 
 603      6720756E 
 603      7369676E 
 603      65642069 
 604              	.LASF10:
 605 015a 75696E74 		.ascii	"uint8_t\000"
 605      385F7400 
 606              	.LASF15:
 607 0162 63795F6D 		.ascii	"cy_meta_flashprotect\000"
 607      6574615F 
 607      666C6173 
 607      6870726F 
 607      74656374 
 608              	.LASF14:
 609 0177 63795F6D 		.ascii	"cy_meta_wonvl\000"
 609      6574615F 
 609      776F6E76 
 609      6C00
 610              	.LASF11:
 611 0185 73697A65 		.ascii	"sizetype\000"
 611      74797065 
 611      00
 612              	.LASF6:
 613 018e 6C6F6E67 		.ascii	"long long int\000"
 613      206C6F6E 
 613      6720696E 
 613      7400
 614              	.LASF2:
 615 019c 73686F72 		.ascii	"short int\000"
ARM GAS  C:\Users\owri753\AppData\Local\Temp\cc0tt678.s 			page 13


 615      7420696E 
 615      7400
 616              	.LASF4:
 617 01a6 6C6F6E67 		.ascii	"long int\000"
 617      20696E74 
 617      00
 618              	.LASF0:
 619 01af 7369676E 		.ascii	"signed char\000"
 619      65642063 
 619      68617200 
 620              	.LASF18:
 621 01bb 47656E65 		.ascii	"Generated_Source\\PSoC5\\cymetadata.c\000"
 621      72617465 
 621      645F536F 
 621      75726365 
 621      5C50536F 
 622              		.ident	"GCC: (GNU Tools for ARM Embedded Processors) 5.4.1 20160609 (release) [ARM/embedded-5-bran
