ARM GAS  C:\Users\owri753\AppData\Local\Temp\cckq3uHu.s 			page 1


   1              		.syntax unified
   2              		.cpu cortex-m3
   3              		.fpu softvfp
   4              		.eabi_attribute 20, 1
   5              		.eabi_attribute 21, 1
   6              		.eabi_attribute 23, 3
   7              		.eabi_attribute 24, 1
   8              		.eabi_attribute 25, 1
   9              		.eabi_attribute 26, 1
  10              		.eabi_attribute 30, 1
  11              		.eabi_attribute 34, 1
  12              		.eabi_attribute 18, 4
  13              		.thumb
  14              		.syntax unified
  15              		.file	"main.c"
  16              		.text
  17              	.Ltext0:
  18              		.cfi_sections	.debug_frame
  19              		.section	.text.adc_finished_interrupt,"ax",%progbits
  20              		.align	2
  21              		.global	adc_finished_interrupt
  22              		.thumb
  23              		.thumb_func
  24              		.type	adc_finished_interrupt, %function
  25              	adc_finished_interrupt:
  26              	.LFB63:
  27              		.file 1 "main.c"
   1:main.c        **** /* ========================================
   2:main.c        ****  *
   3:main.c        ****  * Copyright YOUR COMPANY, THE YEAR
   4:main.c        ****  * All Rights Reserved
   5:main.c        ****  * UNPUBLISHED, LICENSED SOFTWARE.
   6:main.c        ****  *
   7:main.c        ****  * CONFIDENTIAL AND PROPRIETARY INFORMATION
   8:main.c        ****  * WHICH IS THE PROPERTY OF your company.
   9:main.c        ****  *
  10:main.c        ****  * ========================================
  11:main.c        **** */
  12:main.c        **** #include "project.h"
  13:main.c        **** 
  14:main.c        **** void uart_send_str(const char* data);
  15:main.c        **** void uart_conv_uint16(uint16_t x);
  16:main.c        **** volatile static uint16 ADCresult;
  17:main.c        **** 
  18:main.c        **** CY_ISR(adc_finished_interrupt) {
  28              		.loc 1 18 0
  29              		.cfi_startproc
  30              		@ args = 0, pretend = 0, frame = 0
  31              		@ frame_needed = 0, uses_anonymous_args = 0
  32 0000 08B5     		push	{r3, lr}
  33              		.cfi_def_cfa_offset 8
  34              		.cfi_offset 3, -8
  35              		.cfi_offset 14, -4
  19:main.c        ****        
  20:main.c        ****     ADCresult = ADC_SAR_1_GetResult16();
  36              		.loc 1 20 0
  37 0002 FFF7FEFF 		bl	ADC_SAR_1_GetResult16
ARM GAS  C:\Users\owri753\AppData\Local\Temp\cckq3uHu.s 			page 2


  38              	.LVL0:
  39 0006 80B2     		uxth	r0, r0
  40 0008 014B     		ldr	r3, .L3
  41 000a 1880     		strh	r0, [r3]	@ movhi
  42 000c 08BD     		pop	{r3, pc}
  43              	.L4:
  44 000e 00BF     		.align	2
  45              	.L3:
  46 0010 00000000 		.word	.LANCHOR0
  47              		.cfi_endproc
  48              	.LFE63:
  49              		.size	adc_finished_interrupt, .-adc_finished_interrupt
  50              		.section	.text.uart_send_str,"ax",%progbits
  51              		.align	2
  52              		.global	uart_send_str
  53              		.thumb
  54              		.thumb_func
  55              		.type	uart_send_str, %function
  56              	uart_send_str:
  57              	.LFB65:
  21:main.c        **** }
  22:main.c        **** 
  23:main.c        **** int main(void)
  24:main.c        **** {
  25:main.c        ****     CyGlobalIntEnable; /* Enable global interrupts. */
  26:main.c        ****     
  27:main.c        ****     /* Place your initialization/startup code here (e.g. MyInst_Start()) */
  28:main.c        ****     //Timer_1_Start();   
  29:main.c        ****     //ADC_SAR_1_Start();
  30:main.c        ****     //ADC_Finished_Interrupt_StartEx(adc_finished_interrupt);
  31:main.c        ****     
  32:main.c        ****     // INITIALIZE READING:
  33:main.c        ****     USBUART_1_Start(0, USBUART_1_5V_OPERATION);
  34:main.c        **** 
  35:main.c        ****     uart_send_str("Hello World ");
  36:main.c        ****     uart_conv_uint16(65222);
  37:main.c        ****     
  38:main.c        ****     
  39:main.c        **** 
  40:main.c        ****     // uint16_t prevAdcVal = ADCresult;
  41:main.c        ****     for(;;)
  42:main.c        ****     {
  43:main.c        **** //        /* Place your application code here. */
  44:main.c        **** //        if(prevAdcVal != ADCresult) {
  45:main.c        **** //            uart_send_str("ADC Value: ");
  46:main.c        **** //            prevAdcVal = ADCresult;
  47:main.c        **** //        }
  48:main.c        **** //        
  49:main.c        ****     }
  50:main.c        **** }
  51:main.c        **** 
  52:main.c        **** void uart_send_str(const char* data) {
  58              		.loc 1 52 0
  59              		.cfi_startproc
  60              		@ args = 0, pretend = 0, frame = 0
  61              		@ frame_needed = 0, uses_anonymous_args = 0
  62              	.LVL1:
ARM GAS  C:\Users\owri753\AppData\Local\Temp\cckq3uHu.s 			page 3


  63 0000 10B5     		push	{r4, lr}
  64              		.cfi_def_cfa_offset 8
  65              		.cfi_offset 4, -8
  66              		.cfi_offset 14, -4
  67 0002 0446     		mov	r4, r0
  68              	.LVL2:
  69              	.L6:
  53:main.c        ****     while(USBUART_1_CDCIsReady() == 0) {}
  70              		.loc 1 53 0 discriminator 1
  71 0004 FFF7FEFF 		bl	USBUART_1_CDCIsReady
  72              	.LVL3:
  73 0008 0028     		cmp	r0, #0
  74 000a FBD0     		beq	.L6
  54:main.c        ****     USBUART_1_PutString(data);
  75              		.loc 1 54 0
  76 000c 2046     		mov	r0, r4
  77 000e FFF7FEFF 		bl	USBUART_1_PutString
  78              	.LVL4:
  79 0012 10BD     		pop	{r4, pc}
  80              		.cfi_endproc
  81              	.LFE65:
  82              		.size	uart_send_str, .-uart_send_str
  83              		.section	.text.uart_conv_uint16,"ax",%progbits
  84              		.align	2
  85              		.global	uart_conv_uint16
  86              		.thumb
  87              		.thumb_func
  88              		.type	uart_conv_uint16, %function
  89              	uart_conv_uint16:
  90              	.LFB66:
  55:main.c        **** }
  56:main.c        **** 
  57:main.c        **** void uart_conv_uint16(uint16_t data) {
  91              		.loc 1 57 0
  92              		.cfi_startproc
  93              		@ args = 0, pretend = 0, frame = 8
  94              		@ frame_needed = 0, uses_anonymous_args = 0
  95              	.LVL5:
  96 0000 30B5     		push	{r4, r5, lr}
  97              		.cfi_def_cfa_offset 12
  98              		.cfi_offset 4, -12
  99              		.cfi_offset 5, -8
 100              		.cfi_offset 14, -4
 101 0002 83B0     		sub	sp, sp, #12
 102              		.cfi_def_cfa_offset 24
  58:main.c        ****     char digits[5] = {'?'};
 103              		.loc 1 58 0
 104 0004 0024     		movs	r4, #0
 105 0006 0094     		str	r4, [sp]
 106 0008 8DF80440 		strb	r4, [sp, #4]
 107 000c 3F23     		movs	r3, #63
 108 000e 8DF80030 		strb	r3, [sp]
 109              	.LVL6:
  59:main.c        **** 
  60:main.c        ****     size_t i;
  61:main.c        ****     for(i = 0; data != 0 && i < 5; i++) {
 110              		.loc 1 61 0
ARM GAS  C:\Users\owri753\AppData\Local\Temp\cckq3uHu.s 			page 4


 111 0012 10E0     		b	.L9
 112              	.LVL7:
 113              	.L11:
  62:main.c        ****         digits[4 - i] = '0' + (data % 10);
 114              		.loc 1 62 0 discriminator 4
 115 0014 C4F10402 		rsb	r2, r4, #4
 116 0018 02AB     		add	r3, sp, #8
 117 001a 1A44     		add	r2, r2, r3
 118 001c 0D4B     		ldr	r3, .L13
 119 001e A3FB0013 		umull	r1, r3, r3, r0
 120 0022 DB08     		lsrs	r3, r3, #3
 121 0024 03EB8305 		add	r5, r3, r3, lsl #2
 122 0028 6900     		lsls	r1, r5, #1
 123 002a 401A     		subs	r0, r0, r1
 124              	.LVL8:
 125 002c 3030     		adds	r0, r0, #48
 126 002e 02F8080C 		strb	r0, [r2, #-8]
  63:main.c        ****         data /= 10;
 127              		.loc 1 63 0 discriminator 4
 128 0032 98B2     		uxth	r0, r3
 129              	.LVL9:
  61:main.c        ****         digits[4 - i] = '0' + (data % 10);
 130              		.loc 1 61 0 discriminator 4
 131 0034 0134     		adds	r4, r4, #1
 132              	.LVL10:
 133              	.L9:
  61:main.c        ****         digits[4 - i] = '0' + (data % 10);
 134              		.loc 1 61 0 is_stmt 0 discriminator 1
 135 0036 08B1     		cbz	r0, .L10
  61:main.c        ****         digits[4 - i] = '0' + (data % 10);
 136              		.loc 1 61 0 discriminator 3
 137 0038 042C     		cmp	r4, #4
 138 003a EBD9     		bls	.L11
 139              	.LVL11:
 140              	.L10:
  64:main.c        ****     }
  65:main.c        ****     
  66:main.c        ****     while(USBUART_1_CDCIsReady() == 0) {}
 141              		.loc 1 66 0 is_stmt 1 discriminator 1
 142 003c FFF7FEFF 		bl	USBUART_1_CDCIsReady
 143              	.LVL12:
 144 0040 0028     		cmp	r0, #0
 145 0042 FBD0     		beq	.L10
  67:main.c        ****     USBUART_1_PutData((const uint8_t*)digits + (5 - i), i);
 146              		.loc 1 67 0
 147 0044 C4F10500 		rsb	r0, r4, #5
 148 0048 A1B2     		uxth	r1, r4
 149 004a 6844     		add	r0, r0, sp
 150 004c FFF7FEFF 		bl	USBUART_1_PutData
 151              	.LVL13:
  68:main.c        **** }
 152              		.loc 1 68 0
 153 0050 03B0     		add	sp, sp, #12
 154              		.cfi_def_cfa_offset 12
 155              		@ sp needed
 156 0052 30BD     		pop	{r4, r5, pc}
 157              	.LVL14:
ARM GAS  C:\Users\owri753\AppData\Local\Temp\cckq3uHu.s 			page 5


 158              	.L14:
 159              		.align	2
 160              	.L13:
 161 0054 CDCCCCCC 		.word	-858993459
 162              		.cfi_endproc
 163              	.LFE66:
 164              		.size	uart_conv_uint16, .-uart_conv_uint16
 165              		.section	.text.main,"ax",%progbits
 166              		.align	2
 167              		.global	main
 168              		.thumb
 169              		.thumb_func
 170              		.type	main, %function
 171              	main:
 172              	.LFB64:
  24:main.c        ****     CyGlobalIntEnable; /* Enable global interrupts. */
 173              		.loc 1 24 0
 174              		.cfi_startproc
 175              		@ Volatile: function does not return.
 176              		@ args = 0, pretend = 0, frame = 0
 177              		@ frame_needed = 0, uses_anonymous_args = 0
 178 0000 08B5     		push	{r3, lr}
 179              		.cfi_def_cfa_offset 8
 180              		.cfi_offset 3, -8
 181              		.cfi_offset 14, -4
  25:main.c        ****     
 182              		.loc 1 25 0
 183              		.syntax unified
 184              	@ 25 "main.c" 1
 185 0002 62B6     		CPSIE   i
 186              	@ 0 "" 2
  33:main.c        **** 
 187              		.loc 1 33 0
 188              		.thumb
 189              		.syntax unified
 190 0004 0121     		movs	r1, #1
 191 0006 0020     		movs	r0, #0
 192 0008 FFF7FEFF 		bl	USBUART_1_Start
 193              	.LVL15:
  35:main.c        ****     uart_conv_uint16(65222);
 194              		.loc 1 35 0
 195 000c 0348     		ldr	r0, .L18
 196 000e FFF7FEFF 		bl	uart_send_str
 197              	.LVL16:
  36:main.c        ****     
 198              		.loc 1 36 0
 199 0012 4FF6C660 		movw	r0, #65222
 200 0016 FFF7FEFF 		bl	uart_conv_uint16
 201              	.LVL17:
 202              	.L16:
 203 001a FEE7     		b	.L16
 204              	.L19:
 205              		.align	2
 206              	.L18:
 207 001c 00000000 		.word	.LC0
 208              		.cfi_endproc
 209              	.LFE64:
ARM GAS  C:\Users\owri753\AppData\Local\Temp\cckq3uHu.s 			page 6


 210              		.size	main, .-main
 211              		.section	.rodata.str1.4,"aMS",%progbits,1
 212              		.align	2
 213              	.LC0:
 214 0000 48656C6C 		.ascii	"Hello World \000"
 214      6F20576F 
 214      726C6420 
 214      00
 215              		.bss
 216              		.align	1
 217              		.set	.LANCHOR0,. + 0
 218              		.type	ADCresult, %object
 219              		.size	ADCresult, 2
 220              	ADCresult:
 221 0000 0000     		.space	2
 222              		.text
 223              	.Letext0:
 224              		.file 2 "c:\\program files (x86)\\cypress\\psoc creator\\4.2\\psoc creator\\import\\gnu\\arm\\5.4.
 225              		.file 3 "c:\\program files (x86)\\cypress\\psoc creator\\4.2\\psoc creator\\import\\gnu\\arm\\5.4.
 226              		.file 4 "Generated_Source\\PSoC5/cytypes.h"
 227              		.file 5 "c:\\program files (x86)\\cypress\\psoc creator\\4.2\\psoc creator\\import\\gnu\\arm\\5.4.
 228              		.file 6 "Generated_Source\\PSoC5/ADC_SAR_1.h"
 229              		.file 7 "Generated_Source\\PSoC5/USBUART_1_cdc.h"
 230              		.file 8 "Generated_Source\\PSoC5/USBUART_1.h"
 231              		.file 9 "Generated_Source\\PSoC5/core_cm3.h"
 232              		.section	.debug_info,"",%progbits
 233              	.Ldebug_info0:
 234 0000 79020000 		.4byte	0x279
 235 0004 0400     		.2byte	0x4
 236 0006 00000000 		.4byte	.Ldebug_abbrev0
 237 000a 04       		.byte	0x4
 238 000b 01       		.uleb128 0x1
 239 000c 3B000000 		.4byte	.LASF33
 240 0010 0C       		.byte	0xc
 241 0011 08020000 		.4byte	.LASF34
 242 0015 C9000000 		.4byte	.LASF35
 243 0019 00000000 		.4byte	.Ldebug_ranges0+0
 244 001d 00000000 		.4byte	0
 245 0021 00000000 		.4byte	.Ldebug_line0
 246 0025 02       		.uleb128 0x2
 247 0026 01       		.byte	0x1
 248 0027 06       		.byte	0x6
 249 0028 68020000 		.4byte	.LASF0
 250 002c 03       		.uleb128 0x3
 251 002d 00000000 		.4byte	.LASF3
 252 0031 02       		.byte	0x2
 253 0032 1D       		.byte	0x1d
 254 0033 37000000 		.4byte	0x37
 255 0037 02       		.uleb128 0x2
 256 0038 01       		.byte	0x1
 257 0039 08       		.byte	0x8
 258 003a 2D000000 		.4byte	.LASF1
 259 003e 02       		.uleb128 0x2
 260 003f 02       		.byte	0x2
 261 0040 05       		.byte	0x5
 262 0041 1B020000 		.4byte	.LASF2
 263 0045 03       		.uleb128 0x3
ARM GAS  C:\Users\owri753\AppData\Local\Temp\cckq3uHu.s 			page 7


 264 0046 3A010000 		.4byte	.LASF4
 265 004a 02       		.byte	0x2
 266 004b 2B       		.byte	0x2b
 267 004c 50000000 		.4byte	0x50
 268 0050 02       		.uleb128 0x2
 269 0051 02       		.byte	0x2
 270 0052 07       		.byte	0x7
 271 0053 06010000 		.4byte	.LASF5
 272 0057 03       		.uleb128 0x3
 273 0058 11000000 		.4byte	.LASF6
 274 005c 02       		.byte	0x2
 275 005d 3F       		.byte	0x3f
 276 005e 62000000 		.4byte	0x62
 277 0062 02       		.uleb128 0x2
 278 0063 04       		.byte	0x4
 279 0064 05       		.byte	0x5
 280 0065 53020000 		.4byte	.LASF7
 281 0069 02       		.uleb128 0x2
 282 006a 04       		.byte	0x4
 283 006b 07       		.byte	0x7
 284 006c 45010000 		.4byte	.LASF8
 285 0070 02       		.uleb128 0x2
 286 0071 08       		.byte	0x8
 287 0072 05       		.byte	0x5
 288 0073 FA010000 		.4byte	.LASF9
 289 0077 02       		.uleb128 0x2
 290 0078 08       		.byte	0x8
 291 0079 07       		.byte	0x7
 292 007a 8C010000 		.4byte	.LASF10
 293 007e 04       		.uleb128 0x4
 294 007f 04       		.byte	0x4
 295 0080 05       		.byte	0x5
 296 0081 696E7400 		.ascii	"int\000"
 297 0085 02       		.uleb128 0x2
 298 0086 04       		.byte	0x4
 299 0087 07       		.byte	0x7
 300 0088 7F010000 		.4byte	.LASF11
 301 008c 03       		.uleb128 0x3
 302 008d A3010000 		.4byte	.LASF12
 303 0091 03       		.byte	0x3
 304 0092 18       		.byte	0x18
 305 0093 2C000000 		.4byte	0x2c
 306 0097 03       		.uleb128 0x3
 307 0098 25020000 		.4byte	.LASF13
 308 009c 03       		.byte	0x3
 309 009d 24       		.byte	0x24
 310 009e 45000000 		.4byte	0x45
 311 00a2 03       		.uleb128 0x3
 312 00a3 D3010000 		.4byte	.LASF14
 313 00a7 03       		.byte	0x3
 314 00a8 2C       		.byte	0x2c
 315 00a9 57000000 		.4byte	0x57
 316 00ad 05       		.uleb128 0x5
 317 00ae 6E010000 		.4byte	.LASF15
 318 00b2 04       		.byte	0x4
 319 00b3 E801     		.2byte	0x1e8
 320 00b5 50000000 		.4byte	0x50
ARM GAS  C:\Users\owri753\AppData\Local\Temp\cckq3uHu.s 			page 8


 321 00b9 02       		.uleb128 0x2
 322 00ba 04       		.byte	0x4
 323 00bb 04       		.byte	0x4
 324 00bc 22000000 		.4byte	.LASF16
 325 00c0 02       		.uleb128 0x2
 326 00c1 08       		.byte	0x8
 327 00c2 04       		.byte	0x4
 328 00c3 1B000000 		.4byte	.LASF17
 329 00c7 02       		.uleb128 0x2
 330 00c8 01       		.byte	0x1
 331 00c9 08       		.byte	0x8
 332 00ca 0F020000 		.4byte	.LASF18
 333 00ce 06       		.uleb128 0x6
 334 00cf AD000000 		.4byte	0xad
 335 00d3 03       		.uleb128 0x3
 336 00d4 0A000000 		.4byte	.LASF19
 337 00d8 05       		.byte	0x5
 338 00d9 D8       		.byte	0xd8
 339 00da 85000000 		.4byte	0x85
 340 00de 02       		.uleb128 0x2
 341 00df 08       		.byte	0x8
 342 00e0 04       		.byte	0x4
 343 00e1 5C020000 		.4byte	.LASF20
 344 00e5 02       		.uleb128 0x2
 345 00e6 04       		.byte	0x4
 346 00e7 07       		.byte	0x7
 347 00e8 DB010000 		.4byte	.LASF21
 348 00ec 07       		.uleb128 0x7
 349 00ed 04       		.byte	0x4
 350 00ee F2000000 		.4byte	0xf2
 351 00f2 08       		.uleb128 0x8
 352 00f3 C7000000 		.4byte	0xc7
 353 00f7 09       		.uleb128 0x9
 354 00f8 AB010000 		.4byte	.LASF22
 355 00fc 01       		.byte	0x1
 356 00fd 12       		.byte	0x12
 357 00fe 00000000 		.4byte	.LFB63
 358 0102 14000000 		.4byte	.LFE63-.LFB63
 359 0106 01       		.uleb128 0x1
 360 0107 9C       		.byte	0x9c
 361 0108 16010000 		.4byte	0x116
 362 010c 0A       		.uleb128 0xa
 363 010d 06000000 		.4byte	.LVL0
 364 0111 44020000 		.4byte	0x244
 365 0115 00       		.byte	0
 366 0116 09       		.uleb128 0x9
 367 0117 74020000 		.4byte	.LASF23
 368 011b 01       		.byte	0x1
 369 011c 34       		.byte	0x34
 370 011d 00000000 		.4byte	.LFB65
 371 0121 14000000 		.4byte	.LFE65-.LFB65
 372 0125 01       		.uleb128 0x1
 373 0126 9C       		.byte	0x9c
 374 0127 54010000 		.4byte	0x154
 375 012b 0B       		.uleb128 0xb
 376 012c 28000000 		.4byte	.LASF25
 377 0130 01       		.byte	0x1
ARM GAS  C:\Users\owri753\AppData\Local\Temp\cckq3uHu.s 			page 9


 378 0131 34       		.byte	0x34
 379 0132 EC000000 		.4byte	0xec
 380 0136 00000000 		.4byte	.LLST0
 381 013a 0A       		.uleb128 0xa
 382 013b 08000000 		.4byte	.LVL3
 383 013f 4F020000 		.4byte	0x24f
 384 0143 0C       		.uleb128 0xc
 385 0144 12000000 		.4byte	.LVL4
 386 0148 5A020000 		.4byte	0x25a
 387 014c 0D       		.uleb128 0xd
 388 014d 01       		.uleb128 0x1
 389 014e 50       		.byte	0x50
 390 014f 02       		.uleb128 0x2
 391 0150 74       		.byte	0x74
 392 0151 00       		.sleb128 0
 393 0152 00       		.byte	0
 394 0153 00       		.byte	0
 395 0154 09       		.uleb128 0x9
 396 0155 C2010000 		.4byte	.LASF24
 397 0159 01       		.byte	0x1
 398 015a 39       		.byte	0x39
 399 015b 00000000 		.4byte	.LFB66
 400 015f 58000000 		.4byte	.LFE66-.LFB66
 401 0163 01       		.uleb128 0x1
 402 0164 9C       		.byte	0x9c
 403 0165 B8010000 		.4byte	0x1b8
 404 0169 0B       		.uleb128 0xb
 405 016a 28000000 		.4byte	.LASF25
 406 016e 01       		.byte	0x1
 407 016f 39       		.byte	0x39
 408 0170 97000000 		.4byte	0x97
 409 0174 1E000000 		.4byte	.LLST1
 410 0178 0E       		.uleb128 0xe
 411 0179 14020000 		.4byte	.LASF26
 412 017d 01       		.byte	0x1
 413 017e 3A       		.byte	0x3a
 414 017f B8010000 		.4byte	0x1b8
 415 0183 02       		.uleb128 0x2
 416 0184 91       		.byte	0x91
 417 0185 68       		.sleb128 -24
 418 0186 0F       		.uleb128 0xf
 419 0187 6900     		.ascii	"i\000"
 420 0189 01       		.byte	0x1
 421 018a 3C       		.byte	0x3c
 422 018b D3000000 		.4byte	0xd3
 423 018f 3C000000 		.4byte	.LLST2
 424 0193 0A       		.uleb128 0xa
 425 0194 40000000 		.4byte	.LVL12
 426 0198 4F020000 		.4byte	0x24f
 427 019c 0C       		.uleb128 0xc
 428 019d 50000000 		.4byte	.LVL13
 429 01a1 65020000 		.4byte	0x265
 430 01a5 0D       		.uleb128 0xd
 431 01a6 01       		.uleb128 0x1
 432 01a7 50       		.byte	0x50
 433 01a8 07       		.uleb128 0x7
 434 01a9 91       		.byte	0x91
ARM GAS  C:\Users\owri753\AppData\Local\Temp\cckq3uHu.s 			page 10


 435 01aa 00       		.sleb128 0
 436 01ab 74       		.byte	0x74
 437 01ac 00       		.sleb128 0
 438 01ad 1C       		.byte	0x1c
 439 01ae 43       		.byte	0x43
 440 01af 1C       		.byte	0x1c
 441 01b0 0D       		.uleb128 0xd
 442 01b1 01       		.uleb128 0x1
 443 01b2 51       		.byte	0x51
 444 01b3 02       		.uleb128 0x2
 445 01b4 74       		.byte	0x74
 446 01b5 00       		.sleb128 0
 447 01b6 00       		.byte	0
 448 01b7 00       		.byte	0
 449 01b8 10       		.uleb128 0x10
 450 01b9 C7000000 		.4byte	0xc7
 451 01bd C8010000 		.4byte	0x1c8
 452 01c1 11       		.uleb128 0x11
 453 01c2 E5000000 		.4byte	0xe5
 454 01c6 04       		.byte	0x4
 455 01c7 00       		.byte	0
 456 01c8 12       		.uleb128 0x12
 457 01c9 69010000 		.4byte	.LASF36
 458 01cd 01       		.byte	0x1
 459 01ce 17       		.byte	0x17
 460 01cf 7E000000 		.4byte	0x7e
 461 01d3 00000000 		.4byte	.LFB64
 462 01d7 20000000 		.4byte	.LFE64-.LFB64
 463 01db 01       		.uleb128 0x1
 464 01dc 9C       		.byte	0x9c
 465 01dd 22020000 		.4byte	0x222
 466 01e1 13       		.uleb128 0x13
 467 01e2 0C000000 		.4byte	.LVL15
 468 01e6 70020000 		.4byte	0x270
 469 01ea F9010000 		.4byte	0x1f9
 470 01ee 0D       		.uleb128 0xd
 471 01ef 01       		.uleb128 0x1
 472 01f0 50       		.byte	0x50
 473 01f1 01       		.uleb128 0x1
 474 01f2 30       		.byte	0x30
 475 01f3 0D       		.uleb128 0xd
 476 01f4 01       		.uleb128 0x1
 477 01f5 51       		.byte	0x51
 478 01f6 01       		.uleb128 0x1
 479 01f7 31       		.byte	0x31
 480 01f8 00       		.byte	0
 481 01f9 13       		.uleb128 0x13
 482 01fa 12000000 		.4byte	.LVL16
 483 01fe 16010000 		.4byte	0x116
 484 0202 10020000 		.4byte	0x210
 485 0206 0D       		.uleb128 0xd
 486 0207 01       		.uleb128 0x1
 487 0208 50       		.byte	0x50
 488 0209 05       		.uleb128 0x5
 489 020a 03       		.byte	0x3
 490 020b 00000000 		.4byte	.LC0
 491 020f 00       		.byte	0
ARM GAS  C:\Users\owri753\AppData\Local\Temp\cckq3uHu.s 			page 11


 492 0210 0C       		.uleb128 0xc
 493 0211 1A000000 		.4byte	.LVL17
 494 0215 54010000 		.4byte	0x154
 495 0219 0D       		.uleb128 0xd
 496 021a 01       		.uleb128 0x1
 497 021b 50       		.byte	0x50
 498 021c 03       		.uleb128 0x3
 499 021d 0B       		.byte	0xb
 500 021e C6FE     		.2byte	0xfec6
 501 0220 00       		.byte	0
 502 0221 00       		.byte	0
 503 0222 0E       		.uleb128 0xe
 504 0223 75010000 		.4byte	.LASF27
 505 0227 01       		.byte	0x1
 506 0228 10       		.byte	0x10
 507 0229 CE000000 		.4byte	0xce
 508 022d 05       		.uleb128 0x5
 509 022e 03       		.byte	0x3
 510 022f 00000000 		.4byte	ADCresult
 511 0233 14       		.uleb128 0x14
 512 0234 19010000 		.4byte	.LASF37
 513 0238 09       		.byte	0x9
 514 0239 1207     		.2byte	0x712
 515 023b 3F020000 		.4byte	0x23f
 516 023f 06       		.uleb128 0x6
 517 0240 A2000000 		.4byte	0xa2
 518 0244 15       		.uleb128 0x15
 519 0245 E4010000 		.4byte	.LASF28
 520 0249 E4010000 		.4byte	.LASF28
 521 024d 06       		.byte	0x6
 522 024e 3B       		.byte	0x3b
 523 024f 15       		.uleb128 0x15
 524 0250 3E020000 		.4byte	.LASF29
 525 0254 3E020000 		.4byte	.LASF29
 526 0258 07       		.byte	0x7
 527 0259 28       		.byte	0x28
 528 025a 15       		.uleb128 0x15
 529 025b 26010000 		.4byte	.LASF30
 530 025f 26010000 		.4byte	.LASF30
 531 0263 07       		.byte	0x7
 532 0264 24       		.byte	0x24
 533 0265 15       		.uleb128 0x15
 534 0266 57010000 		.4byte	.LASF31
 535 026a 57010000 		.4byte	.LASF31
 536 026e 07       		.byte	0x7
 537 026f 23       		.byte	0x23
 538 0270 16       		.uleb128 0x16
 539 0271 2E020000 		.4byte	.LASF32
 540 0275 2E020000 		.4byte	.LASF32
 541 0279 08       		.byte	0x8
 542 027a 2A01     		.2byte	0x12a
 543 027c 00       		.byte	0
 544              		.section	.debug_abbrev,"",%progbits
 545              	.Ldebug_abbrev0:
 546 0000 01       		.uleb128 0x1
 547 0001 11       		.uleb128 0x11
 548 0002 01       		.byte	0x1
ARM GAS  C:\Users\owri753\AppData\Local\Temp\cckq3uHu.s 			page 12


 549 0003 25       		.uleb128 0x25
 550 0004 0E       		.uleb128 0xe
 551 0005 13       		.uleb128 0x13
 552 0006 0B       		.uleb128 0xb
 553 0007 03       		.uleb128 0x3
 554 0008 0E       		.uleb128 0xe
 555 0009 1B       		.uleb128 0x1b
 556 000a 0E       		.uleb128 0xe
 557 000b 55       		.uleb128 0x55
 558 000c 17       		.uleb128 0x17
 559 000d 11       		.uleb128 0x11
 560 000e 01       		.uleb128 0x1
 561 000f 10       		.uleb128 0x10
 562 0010 17       		.uleb128 0x17
 563 0011 00       		.byte	0
 564 0012 00       		.byte	0
 565 0013 02       		.uleb128 0x2
 566 0014 24       		.uleb128 0x24
 567 0015 00       		.byte	0
 568 0016 0B       		.uleb128 0xb
 569 0017 0B       		.uleb128 0xb
 570 0018 3E       		.uleb128 0x3e
 571 0019 0B       		.uleb128 0xb
 572 001a 03       		.uleb128 0x3
 573 001b 0E       		.uleb128 0xe
 574 001c 00       		.byte	0
 575 001d 00       		.byte	0
 576 001e 03       		.uleb128 0x3
 577 001f 16       		.uleb128 0x16
 578 0020 00       		.byte	0
 579 0021 03       		.uleb128 0x3
 580 0022 0E       		.uleb128 0xe
 581 0023 3A       		.uleb128 0x3a
 582 0024 0B       		.uleb128 0xb
 583 0025 3B       		.uleb128 0x3b
 584 0026 0B       		.uleb128 0xb
 585 0027 49       		.uleb128 0x49
 586 0028 13       		.uleb128 0x13
 587 0029 00       		.byte	0
 588 002a 00       		.byte	0
 589 002b 04       		.uleb128 0x4
 590 002c 24       		.uleb128 0x24
 591 002d 00       		.byte	0
 592 002e 0B       		.uleb128 0xb
 593 002f 0B       		.uleb128 0xb
 594 0030 3E       		.uleb128 0x3e
 595 0031 0B       		.uleb128 0xb
 596 0032 03       		.uleb128 0x3
 597 0033 08       		.uleb128 0x8
 598 0034 00       		.byte	0
 599 0035 00       		.byte	0
 600 0036 05       		.uleb128 0x5
 601 0037 16       		.uleb128 0x16
 602 0038 00       		.byte	0
 603 0039 03       		.uleb128 0x3
 604 003a 0E       		.uleb128 0xe
 605 003b 3A       		.uleb128 0x3a
ARM GAS  C:\Users\owri753\AppData\Local\Temp\cckq3uHu.s 			page 13


 606 003c 0B       		.uleb128 0xb
 607 003d 3B       		.uleb128 0x3b
 608 003e 05       		.uleb128 0x5
 609 003f 49       		.uleb128 0x49
 610 0040 13       		.uleb128 0x13
 611 0041 00       		.byte	0
 612 0042 00       		.byte	0
 613 0043 06       		.uleb128 0x6
 614 0044 35       		.uleb128 0x35
 615 0045 00       		.byte	0
 616 0046 49       		.uleb128 0x49
 617 0047 13       		.uleb128 0x13
 618 0048 00       		.byte	0
 619 0049 00       		.byte	0
 620 004a 07       		.uleb128 0x7
 621 004b 0F       		.uleb128 0xf
 622 004c 00       		.byte	0
 623 004d 0B       		.uleb128 0xb
 624 004e 0B       		.uleb128 0xb
 625 004f 49       		.uleb128 0x49
 626 0050 13       		.uleb128 0x13
 627 0051 00       		.byte	0
 628 0052 00       		.byte	0
 629 0053 08       		.uleb128 0x8
 630 0054 26       		.uleb128 0x26
 631 0055 00       		.byte	0
 632 0056 49       		.uleb128 0x49
 633 0057 13       		.uleb128 0x13
 634 0058 00       		.byte	0
 635 0059 00       		.byte	0
 636 005a 09       		.uleb128 0x9
 637 005b 2E       		.uleb128 0x2e
 638 005c 01       		.byte	0x1
 639 005d 3F       		.uleb128 0x3f
 640 005e 19       		.uleb128 0x19
 641 005f 03       		.uleb128 0x3
 642 0060 0E       		.uleb128 0xe
 643 0061 3A       		.uleb128 0x3a
 644 0062 0B       		.uleb128 0xb
 645 0063 3B       		.uleb128 0x3b
 646 0064 0B       		.uleb128 0xb
 647 0065 27       		.uleb128 0x27
 648 0066 19       		.uleb128 0x19
 649 0067 11       		.uleb128 0x11
 650 0068 01       		.uleb128 0x1
 651 0069 12       		.uleb128 0x12
 652 006a 06       		.uleb128 0x6
 653 006b 40       		.uleb128 0x40
 654 006c 18       		.uleb128 0x18
 655 006d 9742     		.uleb128 0x2117
 656 006f 19       		.uleb128 0x19
 657 0070 01       		.uleb128 0x1
 658 0071 13       		.uleb128 0x13
 659 0072 00       		.byte	0
 660 0073 00       		.byte	0
 661 0074 0A       		.uleb128 0xa
 662 0075 898201   		.uleb128 0x4109
ARM GAS  C:\Users\owri753\AppData\Local\Temp\cckq3uHu.s 			page 14


 663 0078 00       		.byte	0
 664 0079 11       		.uleb128 0x11
 665 007a 01       		.uleb128 0x1
 666 007b 31       		.uleb128 0x31
 667 007c 13       		.uleb128 0x13
 668 007d 00       		.byte	0
 669 007e 00       		.byte	0
 670 007f 0B       		.uleb128 0xb
 671 0080 05       		.uleb128 0x5
 672 0081 00       		.byte	0
 673 0082 03       		.uleb128 0x3
 674 0083 0E       		.uleb128 0xe
 675 0084 3A       		.uleb128 0x3a
 676 0085 0B       		.uleb128 0xb
 677 0086 3B       		.uleb128 0x3b
 678 0087 0B       		.uleb128 0xb
 679 0088 49       		.uleb128 0x49
 680 0089 13       		.uleb128 0x13
 681 008a 02       		.uleb128 0x2
 682 008b 17       		.uleb128 0x17
 683 008c 00       		.byte	0
 684 008d 00       		.byte	0
 685 008e 0C       		.uleb128 0xc
 686 008f 898201   		.uleb128 0x4109
 687 0092 01       		.byte	0x1
 688 0093 11       		.uleb128 0x11
 689 0094 01       		.uleb128 0x1
 690 0095 31       		.uleb128 0x31
 691 0096 13       		.uleb128 0x13
 692 0097 00       		.byte	0
 693 0098 00       		.byte	0
 694 0099 0D       		.uleb128 0xd
 695 009a 8A8201   		.uleb128 0x410a
 696 009d 00       		.byte	0
 697 009e 02       		.uleb128 0x2
 698 009f 18       		.uleb128 0x18
 699 00a0 9142     		.uleb128 0x2111
 700 00a2 18       		.uleb128 0x18
 701 00a3 00       		.byte	0
 702 00a4 00       		.byte	0
 703 00a5 0E       		.uleb128 0xe
 704 00a6 34       		.uleb128 0x34
 705 00a7 00       		.byte	0
 706 00a8 03       		.uleb128 0x3
 707 00a9 0E       		.uleb128 0xe
 708 00aa 3A       		.uleb128 0x3a
 709 00ab 0B       		.uleb128 0xb
 710 00ac 3B       		.uleb128 0x3b
 711 00ad 0B       		.uleb128 0xb
 712 00ae 49       		.uleb128 0x49
 713 00af 13       		.uleb128 0x13
 714 00b0 02       		.uleb128 0x2
 715 00b1 18       		.uleb128 0x18
 716 00b2 00       		.byte	0
 717 00b3 00       		.byte	0
 718 00b4 0F       		.uleb128 0xf
 719 00b5 34       		.uleb128 0x34
ARM GAS  C:\Users\owri753\AppData\Local\Temp\cckq3uHu.s 			page 15


 720 00b6 00       		.byte	0
 721 00b7 03       		.uleb128 0x3
 722 00b8 08       		.uleb128 0x8
 723 00b9 3A       		.uleb128 0x3a
 724 00ba 0B       		.uleb128 0xb
 725 00bb 3B       		.uleb128 0x3b
 726 00bc 0B       		.uleb128 0xb
 727 00bd 49       		.uleb128 0x49
 728 00be 13       		.uleb128 0x13
 729 00bf 02       		.uleb128 0x2
 730 00c0 17       		.uleb128 0x17
 731 00c1 00       		.byte	0
 732 00c2 00       		.byte	0
 733 00c3 10       		.uleb128 0x10
 734 00c4 01       		.uleb128 0x1
 735 00c5 01       		.byte	0x1
 736 00c6 49       		.uleb128 0x49
 737 00c7 13       		.uleb128 0x13
 738 00c8 01       		.uleb128 0x1
 739 00c9 13       		.uleb128 0x13
 740 00ca 00       		.byte	0
 741 00cb 00       		.byte	0
 742 00cc 11       		.uleb128 0x11
 743 00cd 21       		.uleb128 0x21
 744 00ce 00       		.byte	0
 745 00cf 49       		.uleb128 0x49
 746 00d0 13       		.uleb128 0x13
 747 00d1 2F       		.uleb128 0x2f
 748 00d2 0B       		.uleb128 0xb
 749 00d3 00       		.byte	0
 750 00d4 00       		.byte	0
 751 00d5 12       		.uleb128 0x12
 752 00d6 2E       		.uleb128 0x2e
 753 00d7 01       		.byte	0x1
 754 00d8 3F       		.uleb128 0x3f
 755 00d9 19       		.uleb128 0x19
 756 00da 03       		.uleb128 0x3
 757 00db 0E       		.uleb128 0xe
 758 00dc 3A       		.uleb128 0x3a
 759 00dd 0B       		.uleb128 0xb
 760 00de 3B       		.uleb128 0x3b
 761 00df 0B       		.uleb128 0xb
 762 00e0 27       		.uleb128 0x27
 763 00e1 19       		.uleb128 0x19
 764 00e2 49       		.uleb128 0x49
 765 00e3 13       		.uleb128 0x13
 766 00e4 8701     		.uleb128 0x87
 767 00e6 19       		.uleb128 0x19
 768 00e7 11       		.uleb128 0x11
 769 00e8 01       		.uleb128 0x1
 770 00e9 12       		.uleb128 0x12
 771 00ea 06       		.uleb128 0x6
 772 00eb 40       		.uleb128 0x40
 773 00ec 18       		.uleb128 0x18
 774 00ed 9742     		.uleb128 0x2117
 775 00ef 19       		.uleb128 0x19
 776 00f0 01       		.uleb128 0x1
ARM GAS  C:\Users\owri753\AppData\Local\Temp\cckq3uHu.s 			page 16


 777 00f1 13       		.uleb128 0x13
 778 00f2 00       		.byte	0
 779 00f3 00       		.byte	0
 780 00f4 13       		.uleb128 0x13
 781 00f5 898201   		.uleb128 0x4109
 782 00f8 01       		.byte	0x1
 783 00f9 11       		.uleb128 0x11
 784 00fa 01       		.uleb128 0x1
 785 00fb 31       		.uleb128 0x31
 786 00fc 13       		.uleb128 0x13
 787 00fd 01       		.uleb128 0x1
 788 00fe 13       		.uleb128 0x13
 789 00ff 00       		.byte	0
 790 0100 00       		.byte	0
 791 0101 14       		.uleb128 0x14
 792 0102 34       		.uleb128 0x34
 793 0103 00       		.byte	0
 794 0104 03       		.uleb128 0x3
 795 0105 0E       		.uleb128 0xe
 796 0106 3A       		.uleb128 0x3a
 797 0107 0B       		.uleb128 0xb
 798 0108 3B       		.uleb128 0x3b
 799 0109 05       		.uleb128 0x5
 800 010a 49       		.uleb128 0x49
 801 010b 13       		.uleb128 0x13
 802 010c 3F       		.uleb128 0x3f
 803 010d 19       		.uleb128 0x19
 804 010e 3C       		.uleb128 0x3c
 805 010f 19       		.uleb128 0x19
 806 0110 00       		.byte	0
 807 0111 00       		.byte	0
 808 0112 15       		.uleb128 0x15
 809 0113 2E       		.uleb128 0x2e
 810 0114 00       		.byte	0
 811 0115 3F       		.uleb128 0x3f
 812 0116 19       		.uleb128 0x19
 813 0117 3C       		.uleb128 0x3c
 814 0118 19       		.uleb128 0x19
 815 0119 6E       		.uleb128 0x6e
 816 011a 0E       		.uleb128 0xe
 817 011b 03       		.uleb128 0x3
 818 011c 0E       		.uleb128 0xe
 819 011d 3A       		.uleb128 0x3a
 820 011e 0B       		.uleb128 0xb
 821 011f 3B       		.uleb128 0x3b
 822 0120 0B       		.uleb128 0xb
 823 0121 00       		.byte	0
 824 0122 00       		.byte	0
 825 0123 16       		.uleb128 0x16
 826 0124 2E       		.uleb128 0x2e
 827 0125 00       		.byte	0
 828 0126 3F       		.uleb128 0x3f
 829 0127 19       		.uleb128 0x19
 830 0128 3C       		.uleb128 0x3c
 831 0129 19       		.uleb128 0x19
 832 012a 6E       		.uleb128 0x6e
 833 012b 0E       		.uleb128 0xe
ARM GAS  C:\Users\owri753\AppData\Local\Temp\cckq3uHu.s 			page 17


 834 012c 03       		.uleb128 0x3
 835 012d 0E       		.uleb128 0xe
 836 012e 3A       		.uleb128 0x3a
 837 012f 0B       		.uleb128 0xb
 838 0130 3B       		.uleb128 0x3b
 839 0131 05       		.uleb128 0x5
 840 0132 00       		.byte	0
 841 0133 00       		.byte	0
 842 0134 00       		.byte	0
 843              		.section	.debug_loc,"",%progbits
 844              	.Ldebug_loc0:
 845              	.LLST0:
 846 0000 00000000 		.4byte	.LVL1
 847 0004 04000000 		.4byte	.LVL2
 848 0008 0100     		.2byte	0x1
 849 000a 50       		.byte	0x50
 850 000b 04000000 		.4byte	.LVL2
 851 000f 14000000 		.4byte	.LFE65
 852 0013 0100     		.2byte	0x1
 853 0015 54       		.byte	0x54
 854 0016 00000000 		.4byte	0
 855 001a 00000000 		.4byte	0
 856              	.LLST1:
 857 001e 00000000 		.4byte	.LVL5
 858 0022 2C000000 		.4byte	.LVL8
 859 0026 0100     		.2byte	0x1
 860 0028 50       		.byte	0x50
 861 0029 34000000 		.4byte	.LVL9
 862 002d 3C000000 		.4byte	.LVL11
 863 0031 0100     		.2byte	0x1
 864 0033 50       		.byte	0x50
 865 0034 00000000 		.4byte	0
 866 0038 00000000 		.4byte	0
 867              	.LLST2:
 868 003c 12000000 		.4byte	.LVL6
 869 0040 14000000 		.4byte	.LVL7
 870 0044 0200     		.2byte	0x2
 871 0046 30       		.byte	0x30
 872 0047 9F       		.byte	0x9f
 873 0048 14000000 		.4byte	.LVL7
 874 004c 54000000 		.4byte	.LVL14
 875 0050 0100     		.2byte	0x1
 876 0052 54       		.byte	0x54
 877 0053 00000000 		.4byte	0
 878 0057 00000000 		.4byte	0
 879              		.section	.debug_aranges,"",%progbits
 880 0000 34000000 		.4byte	0x34
 881 0004 0200     		.2byte	0x2
 882 0006 00000000 		.4byte	.Ldebug_info0
 883 000a 04       		.byte	0x4
 884 000b 00       		.byte	0
 885 000c 0000     		.2byte	0
 886 000e 0000     		.2byte	0
 887 0010 00000000 		.4byte	.LFB63
 888 0014 14000000 		.4byte	.LFE63-.LFB63
 889 0018 00000000 		.4byte	.LFB65
 890 001c 14000000 		.4byte	.LFE65-.LFB65
ARM GAS  C:\Users\owri753\AppData\Local\Temp\cckq3uHu.s 			page 18


 891 0020 00000000 		.4byte	.LFB66
 892 0024 58000000 		.4byte	.LFE66-.LFB66
 893 0028 00000000 		.4byte	.LFB64
 894 002c 20000000 		.4byte	.LFE64-.LFB64
 895 0030 00000000 		.4byte	0
 896 0034 00000000 		.4byte	0
 897              		.section	.debug_ranges,"",%progbits
 898              	.Ldebug_ranges0:
 899 0000 00000000 		.4byte	.LFB63
 900 0004 14000000 		.4byte	.LFE63
 901 0008 00000000 		.4byte	.LFB65
 902 000c 14000000 		.4byte	.LFE65
 903 0010 00000000 		.4byte	.LFB66
 904 0014 58000000 		.4byte	.LFE66
 905 0018 00000000 		.4byte	.LFB64
 906 001c 20000000 		.4byte	.LFE64
 907 0020 00000000 		.4byte	0
 908 0024 00000000 		.4byte	0
 909              		.section	.debug_line,"",%progbits
 910              	.Ldebug_line0:
 911 0000 70020000 		.section	.debug_str,"MS",%progbits,1
 911      0200FF01 
 911      00000201 
 911      FB0E0D00 
 911      01010101 
 912              	.LASF3:
 913 0000 5F5F7569 		.ascii	"__uint8_t\000"
 913      6E74385F 
 913      7400
 914              	.LASF19:
 915 000a 73697A65 		.ascii	"size_t\000"
 915      5F7400
 916              	.LASF6:
 917 0011 5F5F696E 		.ascii	"__int32_t\000"
 917      7433325F 
 917      7400
 918              	.LASF17:
 919 001b 646F7562 		.ascii	"double\000"
 919      6C6500
 920              	.LASF16:
 921 0022 666C6F61 		.ascii	"float\000"
 921      7400
 922              	.LASF25:
 923 0028 64617461 		.ascii	"data\000"
 923      00
 924              	.LASF1:
 925 002d 756E7369 		.ascii	"unsigned char\000"
 925      676E6564 
 925      20636861 
 925      7200
 926              	.LASF33:
 927 003b 474E5520 		.ascii	"GNU C11 5.4.1 20160609 (release) [ARM/embedded-5-br"
 927      43313120 
 927      352E342E 
 927      31203230 
 927      31363036 
 928 006e 616E6368 		.ascii	"anch revision 237715] -mcpu=cortex-m3 -mthumb -g -O"
ARM GAS  C:\Users\owri753\AppData\Local\Temp\cckq3uHu.s 			page 19


 928      20726576 
 928      6973696F 
 928      6E203233 
 928      37373135 
 929 00a1 67202D66 		.ascii	"g -ffunction-sections -ffat-lto-objects\000"
 929      66756E63 
 929      74696F6E 
 929      2D736563 
 929      74696F6E 
 930              	.LASF35:
 931 00c9 483A5C44 		.ascii	"H:\\Documents\\301_Project\\Hardware Task 1\\Hardwa"
 931      6F63756D 
 931      656E7473 
 931      5C333031 
 931      5F50726F 
 932 00f8 72655461 		.ascii	"reTask1.cydsn\000"
 932      736B312E 
 932      63796473 
 932      6E00
 933              	.LASF5:
 934 0106 73686F72 		.ascii	"short unsigned int\000"
 934      7420756E 
 934      7369676E 
 934      65642069 
 934      6E7400
 935              	.LASF37:
 936 0119 49544D5F 		.ascii	"ITM_RxBuffer\000"
 936      52784275 
 936      66666572 
 936      00
 937              	.LASF30:
 938 0126 55534255 		.ascii	"USBUART_1_PutString\000"
 938      4152545F 
 938      315F5075 
 938      74537472 
 938      696E6700 
 939              	.LASF4:
 940 013a 5F5F7569 		.ascii	"__uint16_t\000"
 940      6E743136 
 940      5F7400
 941              	.LASF8:
 942 0145 6C6F6E67 		.ascii	"long unsigned int\000"
 942      20756E73 
 942      69676E65 
 942      6420696E 
 942      7400
 943              	.LASF31:
 944 0157 55534255 		.ascii	"USBUART_1_PutData\000"
 944      4152545F 
 944      315F5075 
 944      74446174 
 944      6100
 945              	.LASF36:
 946 0169 6D61696E 		.ascii	"main\000"
 946      00
 947              	.LASF15:
 948 016e 75696E74 		.ascii	"uint16\000"
ARM GAS  C:\Users\owri753\AppData\Local\Temp\cckq3uHu.s 			page 20


 948      313600
 949              	.LASF27:
 950 0175 41444372 		.ascii	"ADCresult\000"
 950      6573756C 
 950      7400
 951              	.LASF11:
 952 017f 756E7369 		.ascii	"unsigned int\000"
 952      676E6564 
 952      20696E74 
 952      00
 953              	.LASF10:
 954 018c 6C6F6E67 		.ascii	"long long unsigned int\000"
 954      206C6F6E 
 954      6720756E 
 954      7369676E 
 954      65642069 
 955              	.LASF12:
 956 01a3 75696E74 		.ascii	"uint8_t\000"
 956      385F7400 
 957              	.LASF22:
 958 01ab 6164635F 		.ascii	"adc_finished_interrupt\000"
 958      66696E69 
 958      73686564 
 958      5F696E74 
 958      65727275 
 959              	.LASF24:
 960 01c2 75617274 		.ascii	"uart_conv_uint16\000"
 960      5F636F6E 
 960      765F7569 
 960      6E743136 
 960      00
 961              	.LASF14:
 962 01d3 696E7433 		.ascii	"int32_t\000"
 962      325F7400 
 963              	.LASF21:
 964 01db 73697A65 		.ascii	"sizetype\000"
 964      74797065 
 964      00
 965              	.LASF28:
 966 01e4 4144435F 		.ascii	"ADC_SAR_1_GetResult16\000"
 966      5341525F 
 966      315F4765 
 966      74526573 
 966      756C7431 
 967              	.LASF9:
 968 01fa 6C6F6E67 		.ascii	"long long int\000"
 968      206C6F6E 
 968      6720696E 
 968      7400
 969              	.LASF34:
 970 0208 6D61696E 		.ascii	"main.c\000"
 970      2E6300
 971              	.LASF18:
 972 020f 63686172 		.ascii	"char\000"
 972      00
 973              	.LASF26:
 974 0214 64696769 		.ascii	"digits\000"
ARM GAS  C:\Users\owri753\AppData\Local\Temp\cckq3uHu.s 			page 21


 974      747300
 975              	.LASF2:
 976 021b 73686F72 		.ascii	"short int\000"
 976      7420696E 
 976      7400
 977              	.LASF13:
 978 0225 75696E74 		.ascii	"uint16_t\000"
 978      31365F74 
 978      00
 979              	.LASF32:
 980 022e 55534255 		.ascii	"USBUART_1_Start\000"
 980      4152545F 
 980      315F5374 
 980      61727400 
 981              	.LASF29:
 982 023e 55534255 		.ascii	"USBUART_1_CDCIsReady\000"
 982      4152545F 
 982      315F4344 
 982      43497352 
 982      65616479 
 983              	.LASF7:
 984 0253 6C6F6E67 		.ascii	"long int\000"
 984      20696E74 
 984      00
 985              	.LASF20:
 986 025c 6C6F6E67 		.ascii	"long double\000"
 986      20646F75 
 986      626C6500 
 987              	.LASF0:
 988 0268 7369676E 		.ascii	"signed char\000"
 988      65642063 
 988      68617200 
 989              	.LASF23:
 990 0274 75617274 		.ascii	"uart_send_str\000"
 990      5F73656E 
 990      645F7374 
 990      7200
 991              		.ident	"GCC: (GNU Tools for ARM Embedded Processors) 5.4.1 20160609 (release) [ARM/embedded-5-bran
